{"/Users/amarnathmourya/Documents/MoviesService/controllers/movies/index.js": {"path":"/Users/amarnathmourya/Documents/MoviesService/controllers/movies/index.js","statementMap":{"0":{"start":{"line":1,"column":13},"end":{"line":1,"column":41}},"1":{"start":{"line":3,"column":27},"end":{"line":23,"column":1}},"2":{"start":{"line":4,"column":2},"end":{"line":22,"column":3}},"3":{"start":{"line":5,"column":72},"end":{"line":5,"column":80}},"4":{"start":{"line":6,"column":4},"end":{"line":18,"column":5}},"5":{"start":{"line":7,"column":6},"end":{"line":14,"column":9}},"6":{"start":{"line":15,"column":6},"end":{"line":15,"column":97}},"7":{"start":{"line":17,"column":6},"end":{"line":17,"column":85}},"8":{"start":{"line":21,"column":4},"end":{"line":21,"column":89}},"9":{"start":{"line":25,"column":27},"end":{"line":38,"column":1}},"10":{"start":{"line":26,"column":2},"end":{"line":37,"column":3}},"11":{"start":{"line":27,"column":4},"end":{"line":33,"column":5}},"12":{"start":{"line":28,"column":6},"end":{"line":28,"column":54}},"13":{"start":{"line":29,"column":6},"end":{"line":29,"column":99}},"14":{"start":{"line":32,"column":6},"end":{"line":32,"column":89}},"15":{"start":{"line":36,"column":4},"end":{"line":36,"column":78}},"16":{"start":{"line":40,"column":24},"end":{"line":52,"column":1}},"17":{"start":{"line":41,"column":2},"end":{"line":51,"column":3}},"18":{"start":{"line":42,"column":19},"end":{"line":42,"column":21}},"19":{"start":{"line":43,"column":4},"end":{"line":45,"column":5}},"20":{"start":{"line":44,"column":6},"end":{"line":44,"column":35}},"21":{"start":{"line":46,"column":17},"end":{"line":46,"column":40}},"22":{"start":{"line":47,"column":4},"end":{"line":47,"column":69}},"23":{"start":{"line":50,"column":4},"end":{"line":50,"column":86}},"24":{"start":{"line":54,"column":0},"end":{"line":58,"column":1}}},"fnMap":{"0":{"name":"(anonymous_0)","decl":{"start":{"line":3,"column":27},"end":{"line":3,"column":28}},"loc":{"start":{"line":3,"column":46},"end":{"line":23,"column":1}},"line":3},"1":{"name":"(anonymous_1)","decl":{"start":{"line":25,"column":27},"end":{"line":25,"column":28}},"loc":{"start":{"line":25,"column":47},"end":{"line":38,"column":1}},"line":25},"2":{"name":"(anonymous_2)","decl":{"start":{"line":40,"column":24},"end":{"line":40,"column":25}},"loc":{"start":{"line":40,"column":43},"end":{"line":52,"column":1}},"line":40}},"branchMap":{"0":{"loc":{"start":{"line":6,"column":4},"end":{"line":18,"column":5}},"type":"if","locations":[{"start":{"line":6,"column":4},"end":{"line":18,"column":5}},{"start":{"line":6,"column":4},"end":{"line":18,"column":5}}],"line":6},"1":{"loc":{"start":{"line":6,"column":8},"end":{"line":6,"column":59}},"type":"binary-expr","locations":[{"start":{"line":6,"column":8},"end":{"line":6,"column":12}},{"start":{"line":6,"column":16},"end":{"line":6,"column":27}},{"start":{"line":6,"column":31},"end":{"line":6,"column":37}},{"start":{"line":6,"column":41},"end":{"line":6,"column":49}},{"start":{"line":6,"column":53},"end":{"line":6,"column":59}}],"line":6},"2":{"loc":{"start":{"line":13,"column":22},"end":{"line":13,"column":47}},"type":"binary-expr","locations":[{"start":{"line":13,"column":22},"end":{"line":13,"column":33}},{"start":{"line":13,"column":37},"end":{"line":13,"column":47}}],"line":13},"3":{"loc":{"start":{"line":27,"column":4},"end":{"line":33,"column":5}},"type":"if","locations":[{"start":{"line":27,"column":4},"end":{"line":33,"column":5}},{"start":{"line":27,"column":4},"end":{"line":33,"column":5}}],"line":27},"4":{"loc":{"start":{"line":27,"column":8},"end":{"line":27,"column":37}},"type":"binary-expr","locations":[{"start":{"line":27,"column":8},"end":{"line":27,"column":18}},{"start":{"line":27,"column":22},"end":{"line":27,"column":37}}],"line":27},"5":{"loc":{"start":{"line":43,"column":4},"end":{"line":45,"column":5}},"type":"if","locations":[{"start":{"line":43,"column":4},"end":{"line":45,"column":5}},{"start":{"line":43,"column":4},"end":{"line":45,"column":5}}],"line":43},"6":{"loc":{"start":{"line":43,"column":8},"end":{"line":43,"column":37}},"type":"binary-expr","locations":[{"start":{"line":43,"column":8},"end":{"line":43,"column":18}},{"start":{"line":43,"column":22},"end":{"line":43,"column":37}}],"line":43}},"s":{"0":1,"1":1,"2":1,"3":1,"4":1,"5":1,"6":1,"7":0,"8":0,"9":1,"10":2,"11":2,"12":1,"13":1,"14":1,"15":0,"16":1,"17":2,"18":2,"19":2,"20":2,"21":2,"22":2,"23":0,"24":1},"f":{"0":1,"1":2,"2":2},"b":{"0":[1,0],"1":[1,1,1,1,1],"2":[1,0],"3":[1,1],"4":[2,1],"5":[2,0],"6":[2,2]},"_coverageSchema":"1a1c01bbd47fc00a2c39e90264f33305004495a9","hash":"40ff99db40c5f080521227f11f0452d88aeebe8e"}
,"/Users/amarnathmourya/Documents/MoviesService/models/Item.js": {"path":"/Users/amarnathmourya/Documents/MoviesService/models/Item.js","statementMap":{"0":{"start":{"line":1,"column":17},"end":{"line":1,"column":36}},"1":{"start":{"line":2,"column":15},"end":{"line":2,"column":30}},"2":{"start":{"line":4,"column":19},"end":{"line":29,"column":2}},"3":{"start":{"line":31,"column":0},"end":{"line":31,"column":60}}},"fnMap":{},"branchMap":{},"s":{"0":1,"1":1,"2":1,"3":1},"f":{},"b":{},"_coverageSchema":"1a1c01bbd47fc00a2c39e90264f33305004495a9","hash":"91173af22221877a30a748f861d7c92eeceb033a"}
}
