TN:
SF:controllers/movies/index.js
FN:3,(anonymous_0)
FN:25,(anonymous_1)
FN:40,(anonymous_2)
FNF:3
FNH:3
FNDA:1,(anonymous_0)
FNDA:2,(anonymous_1)
FNDA:2,(anonymous_2)
DA:1,1
DA:3,1
DA:4,1
DA:5,1
DA:6,1
DA:7,1
DA:15,1
DA:17,0
DA:21,0
DA:25,1
DA:26,2
DA:27,2
DA:28,1
DA:29,1
DA:32,1
DA:36,0
DA:40,1
DA:41,2
DA:42,2
DA:43,2
DA:44,2
DA:46,2
DA:47,2
DA:50,0
DA:54,1
LF:25
LH:21
BRDA:6,0,0,1
BRDA:6,0,1,0
BRDA:6,1,0,1
BRDA:6,1,1,1
BRDA:6,1,2,1
BRDA:6,1,3,1
BRDA:6,1,4,1
BRDA:13,2,0,1
BRDA:13,2,1,0
BRDA:27,3,0,1
BRDA:27,3,1,1
BRDA:27,4,0,2
BRDA:27,4,1,1
BRDA:43,5,0,2
BRDA:43,5,1,0
BRDA:43,6,0,2
BRDA:43,6,1,2
BRF:17
BRH:14
end_of_record
TN:
SF:models/Item.js
FNF:0
FNH:0
DA:1,1
DA:2,1
DA:4,1
DA:31,1
LF:4
LH:4
BRF:0
BRH:0
end_of_record
